actionid: tox
msg: packaging
cmdargs: ['/Users/zt/programming/codefellows/401/assignments/mailroom/ENV/bin/python3', local('/Users/zt/programming/codefellows/401/assignments/mailroom/setup.py'), 'sdist', '--formats=zip', '--dist-dir', local('/Users/zt/programming/codefellows/401/assignments/mailroom/.tox/dist')]

running sdist
running egg_info
creating trigram.egg-info
writing trigram.egg-info/PKG-INFO
writing dependency_links to trigram.egg-info/dependency_links.txt
writing entry points to trigram.egg-info/entry_points.txt
writing requirements to trigram.egg-info/requires.txt
writing top-level names to trigram.egg-info/top_level.txt
writing manifest file 'trigram.egg-info/SOURCES.txt'
file trigram.py (for module trigram) not found
reading manifest file 'trigram.egg-info/SOURCES.txt'
writing manifest file 'trigram.egg-info/SOURCES.txt'
warning: sdist: standard file not found: should have one of README, README.rst, README.txt

running check
warning: check: missing required meta-data: url

creating trigram-0.1
creating trigram-0.1/trigram.egg-info
copying files to trigram-0.1...
copying setup.py -> trigram-0.1
copying trigram.egg-info/PKG-INFO -> trigram-0.1/trigram.egg-info
copying trigram.egg-info/SOURCES.txt -> trigram-0.1/trigram.egg-info
copying trigram.egg-info/dependency_links.txt -> trigram-0.1/trigram.egg-info
copying trigram.egg-info/entry_points.txt -> trigram-0.1/trigram.egg-info
copying trigram.egg-info/requires.txt -> trigram-0.1/trigram.egg-info
copying trigram.egg-info/top_level.txt -> trigram-0.1/trigram.egg-info
Writing trigram-0.1/setup.cfg
creating .tox/dist
creating '.tox/dist/trigram-0.1.zip' and adding 'trigram-0.1' to it
adding 'trigram-0.1/PKG-INFO'
adding 'trigram-0.1/setup.cfg'
adding 'trigram-0.1/setup.py'
adding 'trigram-0.1/trigram.egg-info/dependency_links.txt'
adding 'trigram-0.1/trigram.egg-info/entry_points.txt'
adding 'trigram-0.1/trigram.egg-info/PKG-INFO'
adding 'trigram-0.1/trigram.egg-info/requires.txt'
adding 'trigram-0.1/trigram.egg-info/SOURCES.txt'
adding 'trigram-0.1/trigram.egg-info/top_level.txt'
removing 'trigram-0.1' (and everything under it)
